<?xml version="1.0" encoding="utf-8"?><testsuites name="pytest tests"><testsuite name="pytest" errors="0" failures="0" skipped="0" tests="19" time="33.777" timestamp="2026-09-05T09:05:48.083043+00:00" hostname="agent-env-504b8822-b732-4f20-9c27-e90b0a03033e"><testcase classname="tests.test_meetings_proposals_history.TestProposals" name="test_generate_webhook_not_configured" time="6.355" /><testcase classname="tests.test_meetings_proposals_history.TestMeetings" name="test_schedule_and_list" time="7.921" /><testcase classname="tests.test_meetings_proposals_history.TestProposals" name="test_pending_list_contains_proposal" time="1.225" /><testcase classname="tests.test_meetings_proposals_history.TestProposals" name="test_get_proposal_detail" time="1.227" /><testcase classname="tests.test_meetings_proposals_history.TestMeetings" name="test_get_meeting_detail" time="1.212" /><testcase classname="tests.test_meetings_proposals_history.TestProposals" name="test_approve_updates_status" time="2.583" /><testcase classname="tests.test_meetings_proposals_history.TestMeetings" name="test_get_meeting_bad_uuid_404" time="0.951" /><testcase classname="tests.test_meetings_proposals_history.TestMeetings" name="test_get_meeting_unknown_id_404" time="1.078" /><testcase classname="tests.test_meetings_proposals_history.TestMeetings" name="test_meetings_requires_auth" time="0.197" /><testcase classname="tests.test_meetings_proposals_history.TestHistory" name="test_history_shape_and_isolation" time="4.204" /><testcase classname="tests.test_meetings_proposals_history.TestProposals" name="test_reject_updates_status" time="3.700" /><testcase classname="tests.test_meetings_proposals_history.TestProposals" name="test_bad_uuid_404" time="3.130" /><testcase classname="tests.test_meetings_proposals_history.TestHistory" name="test_history_fresh_user_empty" time="3.003" /><testcase classname="tests.test_meetings_proposals_history.TestProposals" name="test_proposals_requires_auth" time="0.142" /><testcase classname="tests.test_meetings_proposals_history.TestCriticalAuthRegression" name="test_signup_and_login_fresh_user_no_network_error" time="5.929" /><testcase classname="tests.test_meetings_proposals_history.TestHistory" name="test_history_requires_auth" time="0.166" /><testcase classname="tests.test_meetings_proposals_history.TestStrictIsolation" name="test_user_b_cannot_see_or_access_user_a_records" time="14.390" /><testcase classname="tests.test_meetings_proposals_history.TestCriticalAuthRegression" name="test_existing_user_login" time="3.160" /><testcase classname="tests.test_meetings_proposals_history.TestApiPrefix" name="test_no_double_api_prefix" time="0.098" /></testsuite></testsuites>