<?xml version="1.0" encoding="utf-8"?><testsuites name="pytest tests"><testsuite name="pytest" errors="0" failures="0" skipped="0" tests="13" time="63.174" timestamp="2026-09-04T14:45:14.607237+00:00" hostname="agent-env-9b4ff943-31d3-4c7d-b30b-3cce69009eda"><testcase classname="tests.test_phase56.TestProposals" name="test_generate_returns_pending" time="9.118" /><testcase classname="tests.test_phase56.TestICPRealEngine" name="test_generate_returns_rich_result_synchronously" time="17.401" /><testcase classname="tests.test_phase56.TestProposals" name="test_generate_with_real_lead_id" time="6.416" /><testcase classname="tests.test_phase56.TestProposals" name="test_callback_needs_review_then_approve" time="12.858" /><testcase classname="tests.test_phase56.TestICPRealEngine" name="test_status_persisted_completed" time="1.113" /><testcase classname="tests.test_phase56.TestICPRealEngine" name="test_latest_returns_the_completed_profile" time="1.120" /><testcase classname="tests.test_phase56.TestICPRealEngine" name="test_generate_validation_missing_fields_422" time="0.886" /><testcase classname="tests.test_phase56.TestICPRealEngine" name="test_requires_auth" time="0.173" /><testcase classname="tests.test_phase56.TestProposals" name="test_callback_auto_approved_shows_sent" time="10.274" /><testcase classname="tests.test_phase56.TestProposals" name="test_reject_sets_rejected_status" time="12.496" /><testcase classname="tests.test_phase56.TestProposals" name="test_callback_unknown_request_404" time="0.940" /><testcase classname="tests.test_phase56.TestProposals" name="test_approve_other_user_proposal_404" time="10.165" /><testcase classname="tests.test_phase56.TestProposals" name="test_requires_auth" time="0.216" /></testsuite></testsuites>