<?xml version="1.0" encoding="utf-8"?><testsuites name="pytest tests"><testsuite name="pytest" errors="0" failures="0" skipped="0" tests="7" time="24.181" timestamp="2026-09-08T17:43:07.135993+00:00" hostname="agent-env-d1f5a361-623d-46b2-b371-3a343fa52273"><testcase classname="tests.test_phase1_phase2.TestAuthPbkdf2" name="test_health" time="0.271" /><testcase classname="tests.test_phase1_phase2.TestAuthPbkdf2" name="test_existing_login_works" time="4.723" /><testcase classname="tests.test_phase1_phase2.TestICPEngine" name="test_generate_missing_new_fields_422" time="3.910" /><testcase classname="tests.test_phase1_phase2.TestICPEngine" name="test_generate_real_api" time="17.347" /><testcase classname="tests.test_phase1_phase2.TestAuthPbkdf2" name="test_signup_creates_pbkdf2_hash_and_login" time="6.947" /><testcase classname="tests.test_phase1_phase2.TestAuthPbkdf2" name="test_wrong_password_401" time="1.332" /><testcase classname="tests.test_phase1_phase2.TestAuthPbkdf2" name="test_five_failed_attempts_lockout" time="10.320" /></testsuite></testsuites>