<?xml version="1.0" encoding="utf-8"?><testsuites name="pytest tests"><testsuite name="pytest" errors="0" failures="2" skipped="0" tests="25" time="8.353" timestamp="2026-09-04T13:40:04.066778+00:00" hostname="agent-env-9b4ff943-31d3-4c7d-b30b-3cce69009eda"><testcase classname="tests.test_phase56.TestProposals" name="test_generate_webhook_not_configured" time="0.959" /><testcase classname="tests.test_phase56.TestMeetings" name="test_schedule_returns_webhook_not_configured" time="0.930" /><testcase classname="tests.test_phase56.TestMeetings" name="test_scheduled_meeting_appears_pending" time="0.241" /><testcase classname="tests.test_phase56.TestProposals" name="test_callback_needs_review_flow" time="0.406" /><testcase classname="tests.test_phase56.TestMeetings" name="test_meeting_link_field_not_polluted_by_notes" time="0.209"><failure message="AssertionError: notes leaked into meeting link field&#10;assert 'TEST_NOTES_NOT_A_LINK' != 'TEST_NOTES_NOT_A_LINK'">tests/test_phase56.py:95: in test_meeting_link_field_not_polluted_by_notes
    assert m["link"] != "TEST_NOTES_NOT_A_LINK", "notes leaked into meeting link field"
E   AssertionError: notes leaked into meeting link field
E   assert 'TEST_NOTES_NOT_A_LINK' != 'TEST_NOTES_NOT_A_LINK'</failure></testcase><testcase classname="tests.test_phase56.TestProposals" name="test_callback_auto_approved_shows_sent" time="0.388" /><testcase classname="tests.test_phase56.TestMeetings" name="test_invalid_datetime_400" time="0.073" /><testcase classname="tests.test_phase56.TestMeetings" name="test_full_pipeline_schedule_then_callback_confirms" time="0.416" /><testcase classname="tests.test_phase56.TestProposals" name="test_callback_bad_secret" time="0.133" /><testcase classname="tests.test_phase56.TestProposals" name="test_callback_unknown_request_404" time="0.259" /><testcase classname="tests.test_phase56.TestMeetings" name="test_callback_bad_secret" time="0.150" /><testcase classname="tests.test_phase56.TestMeetings" name="test_auto_booked_creates_new_row_scoped_to_customer" time="0.646" /><testcase classname="tests.test_phase56.TestProposals" name="test_approve_keeps_card_and_sets_approved" time="0.726" /><testcase classname="tests.test_phase56.TestMeetings" name="test_callback_missing_all_identifiers_400" time="0.122" /><testcase classname="tests.test_phase56.TestMeetings" name="test_callback_meet_link_only_without_customer_400" time="0.120" /><testcase classname="tests.test_phase56.TestProposals" name="test_reject_removes_card" time="0.522"><failure message="AssertionError: Rejected proposal still returned by /api/proposals/pending&#10;assert not [{'id': 'ea36e4a3-b256-4bcd-a4fe-ccc7b7b74505', 'leadName': 'TEST Prop REJ', 'company': 'TEST PCorp R', 'generatedDate': '2026-09-04', ...}]">tests/test_phase56.py:235: in test_reject_removes_card
    assert not [x for x in rows if x["id"] == pid], "Rejected proposal still returned by /api/proposals/pending"
E   AssertionError: Rejected proposal still returned by /api/proposals/pending
E   assert not [{'id': 'ea36e4a3-b256-4bcd-a4fe-ccc7b7b74505', 'leadName': 'TEST Prop REJ', 'company': 'TEST PCorp R', 'generatedDate': '2026-09-04', ...}]</failure></testcase><testcase classname="tests.test_phase56.TestMeetings" name="test_meetings_requires_auth" time="0.301" /><testcase classname="tests.test_phase56.TestHistory" name="test_history_requires_auth" time="0.119" /><testcase classname="tests.test_phase56.TestProposals" name="test_approve_other_user_proposal_404" time="1.259" /><testcase classname="tests.test_phase56.TestHistory" name="test_history_contains_all_types" time="0.798" /><testcase classname="tests.test_phase56.TestHistory" name="test_history_view_targets_resolvable" time="0.433" /><testcase classname="tests.test_phase56.TestTenantIsolationPhase56" name="test_fresh_user_sees_no_other_tenant_data" time="1.225" /><testcase classname="tests.test_phase56.TestProposals" name="test_requires_auth" time="0.462" /><testcase classname="tests.test_phase56.TestTenantIsolationPhase56" name="test_customer_id_not_accepted_from_client" time="1.057" /><testcase classname="tests.test_phase56.TestTenantIsolationPhase56" name="test_other_user_cannot_read_meeting_status" time="0.902" /></testsuite></testsuites>