<?xml version="1.0" encoding="utf-8"?><testsuites name="pytest tests"><testsuite name="pytest" errors="0" failures="0" skipped="0" tests="15" time="17.682" timestamp="2026-09-08T18:27:15.133211+00:00" hostname="agent-env-d1f5a361-623d-46b2-b371-3a343fa52273"><testcase classname="tests.test_phase234.TestLeadsListing" name="test_list_leads_default_shape" time="7.017" /><testcase classname="tests.test_phase234.TestMeetings" name="test_list_meetings" time="7.247" /><testcase classname="tests.test_phase234.TestLeadsListing" name="test_list_leads_pagination_bounds" time="2.298" /><testcase classname="tests.test_phase234.TestMeetings" name="test_schedule_and_list" time="3.915" /><testcase classname="tests.test_phase234.TestLeadsListing" name="test_list_leads_bad_limit" time="0.995" /><testcase classname="tests.test_phase234.TestLeadsListing" name="test_runs_endpoint" time="1.520" /><testcase classname="tests.test_phase234.TestMeetings" name="test_meetings_requires_auth" time="0.160" /><testcase classname="tests.test_phase234.TestMeetings" name="test_meeting_not_found" time="1.347" /><testcase classname="tests.test_phase234.TestLeadsListing" name="test_runs_requires_auth" time="0.159" /><testcase classname="tests.test_phase234.TestLeadsListing" name="test_list_leads_scoped_by_run_id" time="2.636" /><testcase classname="tests.test_phase234.TestAuthRegression" name="test_login_ok" time="1.106" /><testcase classname="tests.test_phase234.TestAuthRegression" name="test_me_unauth" time="0.126" /><testcase classname="tests.test_phase234.TestICPLatest" name="test_latest" time="1.293" /><testcase classname="tests.test_phase234.TestOutreachReadOnly" name="test_stats" time="1.248" /><testcase classname="tests.test_phase234.TestOutreachReadOnly" name="test_campaigns_list" time="1.259" /></testsuite></testsuites>