<?xml version="1.0" encoding="utf-8"?><testsuites name="pytest tests"><testsuite name="pytest" errors="0" failures="3" skipped="2" tests="46" time="119.273" timestamp="2026-09-04T14:42:00.114523+00:00" hostname="agent-env-9b4ff943-31d3-4c7d-b30b-3cce69009eda"><testcase classname="tests.test_phase56.TestProposals" name="test_generate_returns_pending" time="10.672" /><testcase classname="tests.test_phase56.TestMeetings" name="test_schedule_new_shape_returns_pending" time="9.909" /><testcase classname="tests.test_phase56.TestMeetings" name="test_meeting_appears_pending_reply_with_ist_time" time="2.241" /><testcase classname="tests.test_phase56.TestProposals" name="test_generate_with_real_lead_id" time="1.106"><skipped type="pytest.skip" message="no leads for lead_id proposal test">/app/backend/tests/test_phase56.py:361: no leads for lead_id proposal test</skipped></testcase><testcase classname="tests.test_phase56.TestProposals" name="test_callback_needs_review_then_approve" time="11.637" /><testcase classname="tests.test_phase56.TestMeetings" name="test_schedule_with_lead_id_fills_company" time="1.119"><skipped type="pytest.skip" message="no leads available for lead_id linkage test">/app/backend/tests/test_phase56.py:275: no leads available for lead_id linkage test</skipped></testcase><testcase classname="tests.test_phase56.TestMeetings" name="test_invalid_date_400" time="0.868" /><testcase classname="tests.test_phase56.TestMeetings" name="test_invalid_time_400" time="0.864" /><testcase classname="tests.test_phase56.TestMeetings" name="test_missing_required_fields_422" time="0.857" /><testcase classname="tests.test_phase56.TestMeetings" name="test_callback_confirms_meeting" time="7.996" /><testcase classname="tests.test_phase56.TestProposals" name="test_callback_auto_approved_shows_sent" time="7.324" /><testcase classname="tests.test_phase56.TestMeetings" name="test_callback_missing_identifiers_400" time="0.204" /><testcase classname="tests.test_phase56.TestMeetings" name="test_auto_booked_creates_row_for_customer" time="3.691" /><testcase classname="tests.test_phase56.TestMeetings" name="test_requires_auth" time="0.149" /><testcase classname="tests.test_phase56.TestLeadsTrigger" name="test_generate_returns_pending_and_persists_run" time="9.780" /><testcase classname="tests.test_phase56.TestProposals" name="test_reject_removes_card" time="10.415"><failure message="AssertionError: Rejected proposal still in /pending&#10;assert not [{'id': 'aa853565-d37d-4658-9ce5-59df03f3e7fd', 'leadName': 'TEST Prop REJ', 'company': 'TEST PCorp R', 'generatedDate': '2026-09-04', ...}]">tests/test_phase56.py:406: in test_reject_removes_card
    assert not [x for x in rows if x["id"] == pid], "Rejected proposal still in /pending"
E   AssertionError: Rejected proposal still in /pending
E   assert not [{'id': 'aa853565-d37d-4658-9ce5-59df03f3e7fd', 'leadName': 'TEST Prop REJ', 'company': 'TEST PCorp R', 'generatedDate': '2026-09-04', ...}]</failure></testcase><testcase classname="tests.test_phase56.TestLeadsTrigger" name="test_list_leads_filtered_by_request_id" time="1.379" /><testcase classname="tests.test_phase56.TestLeadsTrigger" name="test_list_leads_unknown_request_id_404" time="0.988" /><testcase classname="tests.test_phase56.TestLeadsTrigger" name="test_callback_inserts_leads_and_completes_run" time="11.012" /><testcase classname="tests.test_phase56.TestProposals" name="test_callback_unknown_request_404" time="0.950" /><testcase classname="tests.test_phase56.TestProposals" name="test_approve_other_user_proposal_404" time="11.068" /><testcase classname="tests.test_phase56.TestLeadsTrigger" name="test_callback_without_secret_allowed_nonblocking" time="6.306" /><testcase classname="tests.test_phase56.TestProposals" name="test_requires_auth" time="0.241" /><testcase classname="tests.test_phase56.TestICPRealEngine" name="test_generate_returns_rich_result_synchronously" time="15.668"><failure message="AssertionError: missing positioning; got ['analysis', 'buyer_persona', 'confidence_score', 'gtm_strategy', 'primary_icp', 'request_id', 'secondary_icps', 'status']&#10;assert 'positioning' in {'analysis', 'buyer_persona', 'confidence_score', 'gtm_strategy', 'primary_icp', 'request_id', ...}">tests/test_phase56.py:117: in test_generate_returns_rich_result_synchronously
    assert "positioning" in keys, f"missing positioning; got {sorted(keys)}"
E   AssertionError: missing positioning; got ['analysis', 'buyer_persona', 'confidence_score', 'gtm_strategy', 'primary_icp', 'request_id', 'secondary_icps', 'status']
E   assert 'positioning' in {'analysis', 'buyer_persona', 'confidence_score', 'gtm_strategy', 'primary_icp', 'request_id', ...}</failure></testcase><testcase classname="tests.test_phase56.TestLeadsTrigger" name="test_requires_auth" time="0.140" /><testcase classname="tests.test_phase56.TestAuthRegression" name="test_login_and_me" time="2.387" /><testcase classname="tests.test_phase56.TestAuthRegression" name="test_login_bad_password_401" time="1.563" /><testcase classname="tests.test_phase56.TestAuthRegression" name="test_me_requires_auth" time="0.204" /><testcase classname="tests.test_phase56.TestAuthRegression" name="test_logout_clears_session" time="2.336" /><testcase classname="tests.test_phase56.TestDashboard" name="test_stats_reflect_real_counts" time="8.852" /><testcase classname="tests.test_phase56.TestICPRealEngine" name="test_status_persisted_completed" time="0.000"><failure message="AssertionError: previous test did not produce a request_id&#10;assert None">tests/test_phase56.py:127: in test_status_persisted_completed
    assert rid, "previous test did not produce a request_id"
E   AssertionError: previous test did not produce a request_id
E   assert None</failure></testcase><testcase classname="tests.test_phase56.TestICPRealEngine" name="test_latest_returns_the_completed_profile" time="1.126" /><testcase classname="tests.test_phase56.TestICPRealEngine" name="test_generate_validation_missing_fields_422" time="0.873" /><testcase classname="tests.test_phase56.TestICPRealEngine" name="test_requires_auth" time="0.181" /><testcase classname="tests.test_phase56.TestTenantIsolation" name="test_fresh_user_sees_zero_of_everything" time="11.413" /><testcase classname="tests.test_phase56.TestDashboard" name="test_stats_update_after_creating_campaign" time="15.187" /><testcase classname="tests.test_phase56.TestTenantIsolation" name="test_customer_id_not_accepted_from_client" time="9.215" /><testcase classname="tests.test_phase56.TestDashboard" name="test_fresh_user_stats_all_zero" time="4.017" /><testcase classname="tests.test_phase56.TestTenantIsolation" name="test_other_user_cannot_read_meeting_status" time="9.951" /><testcase classname="tests.test_phase56.TestDashboard" name="test_requires_auth" time="0.186" /><testcase classname="tests.test_phase56.TestHistory" name="test_history_requires_auth" time="0.139" /><testcase classname="tests.test_phase56.TestHistory" name="test_history_contains_all_types_sorted" time="3.870" /><testcase classname="tests.test_phase56.TestHistory" name="test_history_view_targets_resolvable" time="5.141" /><testcase classname="tests.test_phase56.TestTenantIsolation" name="test_other_user_cannot_read_icp_status" time="5.218" /><testcase classname="tests.test_phase56.TestOutreach" name="test_create_campaign_is_queued_with_real_lead_count" time="9.587" /><testcase classname="tests.test_phase56.TestOutreach" name="test_stats_shape" time="1.896" /></testsuite></testsuites>