<?xml version="1.0" encoding="utf-8"?><testsuites name="pytest tests"><testsuite name="pytest" errors="0" failures="1" skipped="0" tests="34" time="8.930" timestamp="2026-09-04T11:09:44.073592+00:00" hostname="agent-env-9b4ff943-31d3-4c7d-b30b-3cce69009eda"><testcase classname="tests.backend_test.TestAuth" name="test_health" time="0.377" /><testcase classname="tests.backend_test.TestICP" name="test_generate_returns_webhook_not_configured" time="0.437" /><testcase classname="tests.backend_test.TestAuth" name="test_login_success_sets_httponly_cookies" time="0.388" /><testcase classname="tests.backend_test.TestICP" name="test_status_pending_state" time="0.280" /><testcase classname="tests.backend_test.TestICP" name="test_callback_rejects_bad_secret" time="0.122" /><testcase classname="tests.backend_test.TestAuth" name="test_me_with_cookie_session" time="0.458" /><testcase classname="tests.backend_test.TestICP" name="test_callback_and_completed_status" time="0.391" /><testcase classname="tests.backend_test.TestAuth" name="test_me_unauthenticated_401" time="0.145" /><testcase classname="tests.backend_test.TestICP" name="test_latest_reflects_stored_icp" time="0.060" /><testcase classname="tests.backend_test.TestICP" name="test_status_unknown_id_404" time="0.078" /><testcase classname="tests.backend_test.TestAuth" name="test_refresh_and_logout" time="0.815" /><testcase classname="tests.backend_test.TestICP" name="test_generate_requires_auth" time="0.142" /><testcase classname="tests.backend_test.TestLeads" name="test_generate_webhook_not_configured" time="0.521" /><testcase classname="tests.backend_test.TestLeads" name="test_status" time="0.065" /><testcase classname="tests.backend_test.TestLeads" name="test_callback_inserts_leads" time="0.423" /><testcase classname="tests.backend_test.TestAuth" name="test_signup_and_duplicate" time="0.735" /><testcase classname="tests.backend_test.TestLeads" name="test_callback_bad_secret" time="0.119" /><testcase classname="tests.backend_test.TestLeads" name="test_upload_leads_persist" time="0.392" /><testcase classname="tests.backend_test.TestAuth" name="test_signup_short_password" time="0.129" /><testcase classname="tests.backend_test.TestLeads" name="test_send_to_outreach_updates_status" time="0.115" /><testcase classname="tests.backend_test.TestAuth" name="test_signup_invalid_email_422" time="0.128" /><testcase classname="tests.backend_test.TestLeads" name="test_leads_requires_auth" time="0.139" /><testcase classname="tests.backend_test.TestAuth" name="test_bcrypt_hash_format" time="0.055" /><testcase classname="tests.backend_test.TestDashboard" name="test_stats_shape_and_real_data" time="0.718" /><testcase classname="tests.backend_test.TestOutreach" name="test_create_campaign_failed_when_webhook_missing" time="0.722" /><testcase classname="tests.backend_test.TestDashboard" name="test_funnel_matches_lead_statuses" time="0.135" /><testcase classname="tests.backend_test.TestOutreach" name="test_campaign_listed" time="0.110" /><testcase classname="tests.backend_test.TestDashboard" name="test_requires_auth" time="0.131" /><testcase classname="tests.backend_test.TestOutreach" name="test_callback_records_events_and_stats" time="0.664" /><testcase classname="tests.backend_test.TestIsolation" name="test_second_user_sees_no_data_of_first" time="0.679" /><testcase classname="tests.backend_test.TestOutreach" name="test_callback_bad_secret" time="0.183" /><testcase classname="tests.backend_test.TestIsolation" name="test_cannot_read_other_users_icp_status" time="0.879" /><testcase classname="tests.backend_test.TestOutreach" name="test_stats_requires_auth" time="0.261" /><testcase classname="tests.backend_test.TestBruteForce" name="test_wrong_password_then_lockout" time="2.543"><failure message="AssertionError: expected 429 lockout within 6 attempts, got [401, 401, 401, 401, 401, 401]&#10;assert 429 in [401, 401, 401, 401, 401, 401]">E   AssertionError: expected 429 lockout within 6 attempts, got [401, 401, 401, 401, 401, 401]
    assert 429 in [401, 401, 401, 401, 401, 401]</failure></testcase></testsuite></testsuites>