<?xml version="1.0" encoding="utf-8"?><testsuites name="pytest tests"><testsuite name="pytest" errors="0" failures="0" skipped="0" tests="34" time="8.623" timestamp="2026-09-04T13:40:19.596128+00:00" hostname="agent-env-9b4ff943-31d3-4c7d-b30b-3cce69009eda"><testcase classname="tests.backend_test.TestAuth" name="test_health" time="0.171" /><testcase classname="tests.backend_test.TestAuth" name="test_login_success_sets_httponly_cookies" time="0.501" /><testcase classname="tests.backend_test.TestICP" name="test_generate_returns_webhook_not_configured" time="0.761" /><testcase classname="tests.backend_test.TestAuth" name="test_me_with_cookie_session" time="0.458" /><testcase classname="tests.backend_test.TestICP" name="test_status_pending_state" time="0.304" /><testcase classname="tests.backend_test.TestICP" name="test_callback_rejects_bad_secret" time="0.154" /><testcase classname="tests.backend_test.TestAuth" name="test_me_unauthenticated_401" time="0.202" /><testcase classname="tests.backend_test.TestICP" name="test_callback_and_completed_status" time="0.482" /><testcase classname="tests.backend_test.TestAuth" name="test_refresh_and_logout" time="0.613" /><testcase classname="tests.backend_test.TestICP" name="test_latest_reflects_stored_icp" time="0.080" /><testcase classname="tests.backend_test.TestICP" name="test_status_unknown_id_404" time="0.082" /><testcase classname="tests.backend_test.TestICP" name="test_generate_requires_auth" time="0.139" /><testcase classname="tests.backend_test.TestAuth" name="test_signup_and_duplicate" time="1.241" /><testcase classname="tests.backend_test.TestLeads" name="test_generate_webhook_not_configured" time="0.604" /><testcase classname="tests.backend_test.TestLeads" name="test_status" time="0.070" /><testcase classname="tests.backend_test.TestLeads" name="test_callback_inserts_leads" time="0.466" /><testcase classname="tests.backend_test.TestLeads" name="test_callback_bad_secret" time="0.145" /><testcase classname="tests.backend_test.TestAuth" name="test_signup_short_password" time="0.173" /><testcase classname="tests.backend_test.TestLeads" name="test_upload_leads_persist" time="0.246" /><testcase classname="tests.backend_test.TestAuth" name="test_signup_invalid_email_422" time="0.134" /><testcase classname="tests.backend_test.TestAuth" name="test_bcrypt_hash_format" time="0.040" /><testcase classname="tests.backend_test.TestLeads" name="test_send_to_outreach_updates_status" time="0.349" /><testcase classname="tests.backend_test.TestLeads" name="test_leads_requires_auth" time="0.168" /><testcase classname="tests.backend_test.TestOutreach" name="test_create_campaign_failed_when_webhook_missing" time="0.505" /><testcase classname="tests.backend_test.TestOutreach" name="test_campaign_listed" time="0.078" /><testcase classname="tests.backend_test.TestOutreach" name="test_callback_records_events_and_stats" time="0.666" /><testcase classname="tests.backend_test.TestDashboard" name="test_stats_shape_and_real_data" time="0.686" /><testcase classname="tests.backend_test.TestDashboard" name="test_funnel_matches_lead_statuses" time="0.248" /><testcase classname="tests.backend_test.TestOutreach" name="test_callback_bad_secret" time="0.153" /><testcase classname="tests.backend_test.TestOutreach" name="test_stats_requires_auth" time="0.148" /><testcase classname="tests.backend_test.TestDashboard" name="test_requires_auth" time="0.141" /><testcase classname="tests.backend_test.TestBruteForce" name="test_wrong_password_then_lockout" time="3.016" /><testcase classname="tests.backend_test.TestIsolation" name="test_second_user_sees_no_data_of_first" time="1.385" /><testcase classname="tests.backend_test.TestIsolation" name="test_cannot_read_other_users_icp_status" time="1.210" /></testsuite></testsuites>